<?xml version="1.0" encoding="UTF-8"?>
<testng-results ignored="0" total="1" passed="1" failed="0" skipped="0">
  <reporter-output>
  </reporter-output>
  <suite started-at="2022-11-29T22:56:35 IST" name="Default suite" finished-at="2022-11-29T22:56:38 IST" duration-ms="3029">
    <groups>
    </groups>
    <test started-at="2022-11-29T22:56:35 IST" name="Default test" finished-at="2022-11-29T22:56:38 IST" duration-ms="3029">
      <class name="apiInvalidTest.apiAutomation">
        <test-method signature="post()[pri:0, instance:apiInvalidTest.apiAutomation@6a6afff2]" started-at="2022-11-29T22:56:35 IST" name="post" finished-at="2022-11-29T22:56:38 IST" duration-ms="2974" status="PASS">
          <reporter-output>
          </reporter-output>
        </test-method> <!-- post -->
      </class> <!-- apiInvalidTest.apiAutomation -->
    </test> <!-- Default test -->
  </suite> <!-- Default suite -->
</testng-results>
